Arguments: 
  /home/dylan/.nvm/versions/node/v15.14.0/bin/node /home/dylan/.nvm/versions/node/v15.14.0/bin/yarn add @types/apex

PATH: 
  /home/dylan/.nvm/versions/node/v15.14.0/bin:/usr/local/sbin:/usr/local/bin:/usr/sbin:/usr/bin:/sbin:/bin:/usr/games:/usr/local/games:/snap/bin

Yarn version: 
  1.22.17

Node version: 
  15.14.0

Platform: 
  linux x64

Trace: 
  Error: https://registry.yarnpkg.com/@types%2fapex: Not found
      at Request.params.callback [as _callback] (/home/dylan/.nvm/versions/node/v15.14.0/lib/node_modules/yarn/lib/cli.js:67029:18)
      at Request.self.callback (/home/dylan/.nvm/versions/node/v15.14.0/lib/node_modules/yarn/lib/cli.js:140883:22)
      at Request.emit (node:events:369:20)
      at Request.<anonymous> (/home/dylan/.nvm/versions/node/v15.14.0/lib/node_modules/yarn/lib/cli.js:141855:10)
      at Request.emit (node:events:369:20)
      at IncomingMessage.<anonymous> (/home/dylan/.nvm/versions/node/v15.14.0/lib/node_modules/yarn/lib/cli.js:141777:12)
      at Object.onceWrapper (node:events:475:28)
      at IncomingMessage.emit (node:events:381:22)
      at endReadableNT (node:internal/streams/readable:1307:12)
      at processTicksAndRejections (node:internal/process/task_queues:81:21)

npm manifest: 
  {
    "dependencies": {
      "apex": "^0.1.2",
      "typescript": "^4.4.4",
      "yarn": "^1.22.17"
    }
  }

yarn manifest: 
  No manifest

Lockfile: 
  # THIS IS AN AUTOGENERATED FILE. DO NOT EDIT THIS FILE DIRECTLY.
  # yarn lockfile v1
  
  
  apex@^0.1.2:
    version "0.1.2"
    resolved "https://registry.yarnpkg.com/apex/-/apex-0.1.2.tgz#d5ac6a823d2c9665c41c9d0a5792b69a25415862"
    integrity sha512-USWCbq3Rqgjbjp4ehk15aLyCc5bLVDp/UpM6usgVi+Z0Gde5Ix4e6zjEvTFnEIiM2S6NRWEdWsoNk8Hf5ZEIKw==
  
  typescript@^4.4.4:
    version "4.4.4"
    resolved "https://registry.yarnpkg.com/typescript/-/typescript-4.4.4.tgz#2cd01a1a1f160704d3101fd5a58ff0f9fcb8030c"
    integrity sha512-DqGhF5IKoBl8WNf8C1gu8q0xZSInh9j1kJJMqT3a94w1JzVaBU4EXOSMrz9yDqMT0xt3selp83fuFMQ0uzv6qA==
  
  yarn@^1.22.17:
    version "1.22.17"
    resolved "https://registry.yarnpkg.com/yarn/-/yarn-1.22.17.tgz#bf910747d22497b573131f7341c0e1d15c74036c"
    integrity sha512-H0p241BXaH0UN9IeH//RT82tl5PfNraVpSpEoW+ET7lmopNC61eZ+A+IDvU8FM6Go5vx162SncDL8J1ZjRBriQ==
